<?xml version="1.0" encoding="UTF-8"?>
<testng-results skipped="0" failed="0" ignored="0" total="6" passed="6">
  <reporter-output>
  </reporter-output>
  <suite name="Command line suite" duration-ms="58" started-at="2020-02-13T22:37:41 IST" finished-at="2020-02-13T22:37:41 IST">
    <groups>
    </groups>
    <test name="Command line test" duration-ms="58" started-at="2020-02-13T22:37:41 IST" finished-at="2020-02-13T22:37:41 IST">
      <class name="qaclickacademy.AppiumTest">
        <test-method status="PASS" signature="IOSApps()[pri:0, instance:qaclickacademy.AppiumTest@2b552920]" name="IOSApps" duration-ms="4" started-at="2020-02-13T22:37:41 IST" finished-at="2020-02-13T22:37:41 IST">
          <reporter-output>
          </reporter-output>
        </test-method> <!-- IOSApps -->
        <test-method status="PASS" signature="NativeAppAndroid()[pri:0, instance:qaclickacademy.AppiumTest@2b552920]" name="NativeAppAndroid" duration-ms="0" started-at="2020-02-13T22:37:41 IST" finished-at="2020-02-13T22:37:41 IST">
          <reporter-output>
          </reporter-output>
        </test-method> <!-- NativeAppAndroid -->
      </class> <!-- qaclickacademy.AppiumTest -->
      <class name="qaclickacademy.RestAPITest">
        <test-method status="PASS" signature="deletetwitter()[pri:0, instance:qaclickacademy.RestAPITest@2758fe70]" name="deletetwitter" duration-ms="0" started-at="2020-02-13T22:37:41 IST" finished-at="2020-02-13T22:37:41 IST">
          <reporter-output>
          </reporter-output>
        </test-method> <!-- deletetwitter -->
        <test-method status="PASS" signature="postJira()[pri:0, instance:qaclickacademy.RestAPITest@2758fe70]" name="postJira" duration-ms="0" started-at="2020-02-13T22:37:41 IST" finished-at="2020-02-13T22:37:41 IST">
          <reporter-output>
          </reporter-output>
        </test-method> <!-- postJira -->
      </class> <!-- qaclickacademy.RestAPITest -->
      <class name="qaclickacademy.SeleniumTest">
        <test-method status="PASS" signature="BrowserAutomation()[pri:0, instance:qaclickacademy.SeleniumTest@1f36e637]" name="BrowserAutomation" duration-ms="0" started-at="2020-02-13T22:37:41 IST" finished-at="2020-02-13T22:37:41 IST">
          <reporter-output>
          </reporter-output>
        </test-method> <!-- BrowserAutomation -->
        <test-method status="PASS" signature="elementUI()[pri:0, instance:qaclickacademy.SeleniumTest@1f36e637]" name="elementUI" duration-ms="0" started-at="2020-02-13T22:37:41 IST" finished-at="2020-02-13T22:37:41 IST">
          <reporter-output>
          </reporter-output>
        </test-method> <!-- elementUI -->
      </class> <!-- qaclickacademy.SeleniumTest -->
    </test> <!-- Command line test -->
  </suite> <!-- Command line suite -->
</testng-results>
